# JRE version: Java(TM) SE Runtime Environment 18.9 (11.0.18+9) (build 11.0.18+9-LTS-195)
# Java VM: Java HotSpot(TM) 64-Bit Server VM 18.9 (11.0.18+9-LTS-195, mixed mode, tiered, compressed oops, g1 gc, windows-amd64)
Heap:
 garbage-first heap   total 120832K, used 17186K [0x000000008a800000, 0x0000000100000000)
  region size 1024K, 6 young (6144K), 5 survivors (5120K)
 Metaspace       used 36779K, capacity 38227K, committed 38272K, reserved 1083392K
  class space    used 4292K, capacity 4948K, committed 4992K, reserved 1048576K
GC Heap History (8 events):
Event: 0.845 GC heap before
{Heap before GC invocations=0 (full 0):
 garbage-first heap   total 120832K, used 23552K [0x000000008a800000, 0x0000000100000000)
  region size 1024K, 24 young (24576K), 0 survivors (0K)
 Metaspace       used 14386K, capacity 14794K, committed 14976K, reserved 1062912K
  class space    used 1488K, capacity 1651K, committed 1664K, reserved 1048576K
}
Event: 0.850 GC heap after
{Heap after GC invocations=1 (full 0):
 garbage-first heap   total 120832K, used 7261K [0x000000008a800000, 0x0000000100000000)
  region size 1024K, 3 young (3072K), 3 survivors (3072K)
 Metaspace       used 14386K, capacity 14794K, committed 14976K, reserved 1062912K
  class space    used 1488K, capacity 1651K, committed 1664K, reserved 1048576K
}
Event: 1.319 GC heap before
{Heap before GC invocations=1 (full 0):
 garbage-first heap   total 120832K, used 55389K [0x000000008a800000, 0x0000000100000000)
  region size 1024K, 52 young (53248K), 3 survivors (3072K)
 Metaspace       used 20514K, capacity 21193K, committed 21248K, reserved 1069056K
  class space    used 2229K, capacity 2547K, committed 2560K, reserved 1048576K
}
Event: 1.325 GC heap after
{Heap after GC invocations=2 (full 0):
 garbage-first heap   total 120832K, used 9828K [0x000000008a800000, 0x0000000100000000)
  region size 1024K, 6 young (6144K), 6 survivors (6144K)
 Metaspace       used 20514K, capacity 21193K, committed 21248K, reserved 1069056K
  class space    used 2229K, capacity 2547K, committed 2560K, reserved 1048576K
}
Event: 1.612 GC heap before
{Heap before GC invocations=3 (full 0):
 garbage-first heap   total 120832K, used 34404K [0x000000008a800000, 0x0000000100000000)
  region size 1024K, 30 young (30720K), 6 survivors (6144K)
 Metaspace       used 23445K, capacity 24241K, committed 24448K, reserved 1071104K
  class space    used 2547K, capacity 2897K, committed 2944K, reserved 1048576K
}
Event: 1.619 GC heap after
{Heap after GC invocations=4 (full 0):
 garbage-first heap   total 120832K, used 12820K [0x000000008a800000, 0x0000000100000000)
  region size 1024K, 4 young (4096K), 4 survivors (4096K)
 Metaspace       used 23445K, capacity 24241K, committed 24448K, reserved 1071104K
  class space    used 2547K, capacity 2897K, committed 2944K, reserved 1048576K
}
Event: 7.135 GC heap before
{Heap before GC invocations=4 (full 0):
 garbage-first heap   total 120832K, used 59924K [0x000000008a800000, 0x0000000100000000)
  region size 1024K, 51 young (52224K), 4 survivors (4096K)
 Metaspace       used 34368K, capacity 35729K, committed 35840K, reserved 1081344K
  class space    used 3958K, capacity 4529K, committed 4608K, reserved 1048576K
}
Event: 7.141 GC heap after
{Heap after GC invocations=5 (full 0):
 garbage-first heap   total 120832K, used 15457K [0x000000008a800000, 0x0000000100000000)
  region size 1024K, 6 young (6144K), 6 survivors (6144K)
 Metaspace       used 34368K, capacity 35729K, committed 35840K, reserved 1081344K
  class space    used 3958K, capacity 4529K, committed 4608K, reserved 1048576K
}

