<?xml version="1.0" encoding="UTF-8"?>
<!-- Generated by org.testng.reporters.JUnitXMLReporter -->
<testsuite ignored="0" hostname="Sagar" failures="0" tests="13" name="Test" time="179.745" errors="0" timestamp="2024-12-07T18:51:48 IST">
  <testcase classname="test.NaptolProductDetailsPageTest" name="verifyAddProductToCartUsingProductDetailPage" time="3.832"/>
  <testcase classname="test.NaptolCartPageTest" name="VerifyOnChangingProductQuantityCorrectAmountIsDisplyed" time="23.546"/>
  <testcase classname="test.NaptolCartPageTest" name="VerifyRemovingProductFromCart" time="24.68"/>
  <testcase classname="test.NaptolCartPageTest" name="VerifyTotalAmountForMultipleProductsInCart" time="29.082"/>
  <testcase classname="test.NaptolCartPageTest" name="verifyAddingMultipleProductToCart" time="22.541"/>
  <testcase classname="test.SortPageTest" name="VerifySortFeature" time="20.874"/>
  <testcase classname="test.NaptolQuickViewTest" name="verifyAddProductToCartUsingQuickView" time="1.505"/>
  <testcase classname="test.NaptolHomePageTest" name="VerifyIfProdutDetailsAreCorrcetIfViewInQuickView" time="1.378"/>
  <testcase classname="test.NaptolHomePageTest" name="VerifyProductDetailsAreCorrectIfViewInNewTab" time="1.879"/>
  <testcase classname="test.NaptolHomePageTest" name="VerifySortFeature" time="0.945"/>
  <testcase classname="test.NaptolHomePageTest" name="searchAInvalidProduct" time="0.925"/>
  <testcase classname="test.NaptolHomePageTest" name="searchAValidProduct" time="0.945"/>
  <testcase classname="test.NaptolHomePageTest" name="verifyOnClickingShoppingCategories" time="0.176"/>
</testsuite> <!-- Test -->
